<?xml version="1.0" encoding="UTF-8"?>
<!-- Generated by org.testng.reporters.JUnitReportReporter -->
<testsuite hostname="Sysmarche-4" failures="0" tests="1" name="mypack.LoginPageTest" time="4.956" errors="0" timestamp="2024-05-29T15:35:27 IST" skipped="0">
  <testcase classname="mypack.LoginPageTest" name="loginTest" time="4.956"/>
  <system-out/>
</testsuite> <!-- mypack.LoginPageTest -->
