<?xml version="1.0" encoding="UTF-8"?>
<!-- Generated by org.testng.reporters.JUnitReportReporter -->
<testsuite hostname="Sysmarche-4" failures="0" tests="1" name="mypack.Vegzologin" time="2.814" errors="0" timestamp="2024-05-28T18:54:43 IST" skipped="0">
  <testcase classname="mypack.Vegzologin" name="setUp" time="2.814"/>
  <system-out/>
</testsuite> <!-- mypack.Vegzologin -->
